[bwa_aln] 17bp reads: max_diff = 2
[bwa_aln] 38bp reads: max_diff = 3
[bwa_aln] 64bp reads: max_diff = 4
[bwa_aln] 93bp reads: max_diff = 5
[bwa_aln] 124bp reads: max_diff = 6
[bwa_aln] 157bp reads: max_diff = 7
[bwa_aln] 190bp reads: max_diff = 8
[bwa_aln] 225bp reads: max_diff = 9
[bwa_aln_core] calculate SA coordinate... 0.04 sec
[bwa_aln_core] write to the disk... 0.00 sec
[bwa_aln_core] 1118 sequences have been processed.
[main] Version: 0.6.2-r126
[main] CMD: /bigdata/operations/pkgadmin/opt/linux/centos/8.x/x86_64/pkgs/relocate2/2.0.1/bin/bwa aln /bigdata/wesslerlab/shared/Rice/Nathan/rice/tool_testing/relocate2_improvement/genome/MSU7.Chr3_2M.fa /bigdata/wesslerlab/shared/Rice/Nathan/rice/tool_testing/relocate2_improvement/relocate2_results_raw/Sim1/repeat/flanking_seq/p00.MSU7.Chr3_2M.ALL_reads_6X_100_500_1.te_repeat.flankingReads.fq.matched
[main] Real time: 0.075 sec; CPU: 0.051 sec
[bwa_aln] 17bp reads: max_diff = 2
[bwa_aln] 38bp reads: max_diff = 3
[bwa_aln] 64bp reads: max_diff = 4
[bwa_aln] 93bp reads: max_diff = 5
[bwa_aln] 124bp reads: max_diff = 6
[bwa_aln] 157bp reads: max_diff = 7
[bwa_aln] 190bp reads: max_diff = 8
[bwa_aln] 225bp reads: max_diff = 9
[bwa_aln_core] calculate SA coordinate... 0.04 sec
[bwa_aln_core] write to the disk... 0.00 sec
[bwa_aln_core] 1118 sequences have been processed.
[main] Version: 0.6.2-r126
[main] CMD: /bigdata/operations/pkgadmin/opt/linux/centos/8.x/x86_64/pkgs/relocate2/2.0.1/bin/bwa aln /bigdata/wesslerlab/shared/Rice/Nathan/rice/tool_testing/relocate2_improvement/genome/MSU7.Chr3_2M.fa /bigdata/wesslerlab/shared/Rice/Nathan/rice/tool_testing/relocate2_improvement/relocate2_results_raw/Sim1/repeat/flanking_seq/p00.MSU7.Chr3_2M.ALL_reads_6X_100_500_2.te_repeat.flankingReads.fq.matched
[main] Real time: 0.046 sec; CPU: 0.049 sec
[bwa_aln] 17bp reads: max_diff = 2
[bwa_aln] 38bp reads: max_diff = 3
[bwa_aln] 64bp reads: max_diff = 4
[bwa_aln] 93bp reads: max_diff = 5
[bwa_aln] 124bp reads: max_diff = 6
[bwa_aln] 157bp reads: max_diff = 7
[bwa_aln] 190bp reads: max_diff = 8
[bwa_aln] 225bp reads: max_diff = 9
[bwa_aln_core] calculate SA coordinate... 0.21 sec
[bwa_aln_core] write to the disk... 0.00 sec
[bwa_aln_core] 4225 sequences have been processed.
[main] Version: 0.6.2-r126
[main] CMD: /bigdata/operations/pkgadmin/opt/linux/centos/8.x/x86_64/pkgs/relocate2/2.0.1/bin/bwa aln /bigdata/wesslerlab/shared/Rice/Nathan/rice/tool_testing/relocate2_improvement/genome/MSU7.Chr3_2M.fa /bigdata/wesslerlab/shared/Rice/Nathan/rice/tool_testing/relocate2_improvement/relocate2_results_raw/Sim1/repeat/flanking_seq/p00.MSU7.Chr3_2M.ALL_reads_6X_100_500_1.te_repeat.flankingReads.unPaired.fq
[main] Real time: 0.221 sec; CPU: 0.221 sec
[bwa_aln] 17bp reads: max_diff = 2
[bwa_aln] 38bp reads: max_diff = 3
[bwa_aln] 64bp reads: max_diff = 4
[bwa_aln] 93bp reads: max_diff = 5
[bwa_aln] 124bp reads: max_diff = 6
[bwa_aln] 157bp reads: max_diff = 7
[bwa_aln] 190bp reads: max_diff = 8
[bwa_aln] 225bp reads: max_diff = 9
[bwa_aln_core] calculate SA coordinate... 0.15 sec
[bwa_aln_core] write to the disk... 0.00 sec
[bwa_aln_core] 1793 sequences have been processed.
[main] Version: 0.6.2-r126
[main] CMD: /bigdata/operations/pkgadmin/opt/linux/centos/8.x/x86_64/pkgs/relocate2/2.0.1/bin/bwa aln /bigdata/wesslerlab/shared/Rice/Nathan/rice/tool_testing/relocate2_improvement/genome/MSU7.Chr3_2M.fa /bigdata/wesslerlab/shared/Rice/Nathan/rice/tool_testing/relocate2_improvement/relocate2_results_raw/Sim1/repeat/flanking_seq/p00.MSU7.Chr3_2M.ALL_reads_6X_100_500_1.te_repeat.flankingReads.fq.matched.fullreads.fq
[main] Real time: 0.156 sec; CPU: 0.158 sec
[bwa_aln] 17bp reads: max_diff = 2
[bwa_aln] 38bp reads: max_diff = 3
[bwa_aln] 64bp reads: max_diff = 4
[bwa_aln] 93bp reads: max_diff = 5
[bwa_aln] 124bp reads: max_diff = 6
[bwa_aln] 157bp reads: max_diff = 7
[bwa_aln] 190bp reads: max_diff = 8
[bwa_aln] 225bp reads: max_diff = 9
[bwa_aln_core] calculate SA coordinate... 0.14 sec
[bwa_aln_core] write to the disk... 0.00 sec
[bwa_aln_core] 1793 sequences have been processed.
[main] Version: 0.6.2-r126
[main] CMD: /bigdata/operations/pkgadmin/opt/linux/centos/8.x/x86_64/pkgs/relocate2/2.0.1/bin/bwa aln /bigdata/wesslerlab/shared/Rice/Nathan/rice/tool_testing/relocate2_improvement/genome/MSU7.Chr3_2M.fa /bigdata/wesslerlab/shared/Rice/Nathan/rice/tool_testing/relocate2_improvement/relocate2_results_raw/Sim1/repeat/flanking_seq/p00.MSU7.Chr3_2M.ALL_reads_6X_100_500_2.te_repeat.flankingReads.fq.matched.fullreads.fq
[main] Real time: 0.154 sec; CPU: 0.153 sec
